11:13:52:360 [main] INFO  org.testng.internal.Utils - [TestNG] Time taken by org.testng.reporters.jq.Main@3ffd4b12: 68 ms
11:13:52:376 [main] ERROR org.testng.internal.Utils - The system cannot find the path specified
java.io.IOException: The system cannot find the path specified
	at java.base/java.io.WinNTFileSystem.createFileExclusively0(Native Method) ~[?:?]
	at java.base/java.io.WinNTFileSystem.createFileExclusively(WinNTFileSystem.java:536) ~[?:?]
	at java.base/java.io.File.createNewFile(File.java:1045) ~[?:?]
	at org.testng.internal.Utils.writeFile(Utils.java:149) [testng-7.10.2.jar:7.10.2]
	at org.testng.internal.Utils.writeUtf8File(Utils.java:105) [testng-7.10.2.jar:7.10.2]
	at org.testng.reporters.FailedReporter.generateFailureSuite(FailedReporter.java:86) [testng-7.10.2.jar:7.10.2]
	at org.testng.reporters.FailedReporter.generateReport(FailedReporter.java:57) [testng-7.10.2.jar:7.10.2]
	at org.testng.TestNG.generateReports(TestNG.java:1160) [testng-7.10.2.jar:7.10.2]
	at org.testng.TestNG.run(TestNG.java:1085) [testng-7.10.2.jar:7.10.2]
	at org.testng.remote.AbstractRemoteTestNG.run(AbstractRemoteTestNG.java:115) [testng-remote.jar:?]
	at org.testng.remote.RemoteTestNG.initAndRun(RemoteTestNG.java:293) [testng-remote.jar:?]
	at org.testng.remote.RemoteTestNG.main(RemoteTestNG.java:91) [testng-remote.jar:?]
11:13:52:379 [main] ERROR org.testng.internal.Utils - The system cannot find the path specified
java.io.IOException: The system cannot find the path specified
	at java.base/java.io.WinNTFileSystem.createFileExclusively0(Native Method) ~[?:?]
	at java.base/java.io.WinNTFileSystem.createFileExclusively(WinNTFileSystem.java:536) ~[?:?]
	at java.base/java.io.File.createNewFile(File.java:1045) ~[?:?]
	at org.testng.internal.Utils.writeFile(Utils.java:149) [testng-7.10.2.jar:7.10.2]
	at org.testng.internal.Utils.writeUtf8File(Utils.java:105) [testng-7.10.2.jar:7.10.2]
	at org.testng.reporters.FailedReporter.generateFailureSuite(FailedReporter.java:87) [testng-7.10.2.jar:7.10.2]
	at org.testng.reporters.FailedReporter.generateReport(FailedReporter.java:57) [testng-7.10.2.jar:7.10.2]
	at org.testng.TestNG.generateReports(TestNG.java:1160) [testng-7.10.2.jar:7.10.2]
	at org.testng.TestNG.run(TestNG.java:1085) [testng-7.10.2.jar:7.10.2]
	at org.testng.remote.AbstractRemoteTestNG.run(AbstractRemoteTestNG.java:115) [testng-remote.jar:?]
	at org.testng.remote.RemoteTestNG.initAndRun(RemoteTestNG.java:293) [testng-remote.jar:?]
	at org.testng.remote.RemoteTestNG.main(RemoteTestNG.java:91) [testng-remote.jar:?]
11:13:52:380 [main] INFO  org.testng.internal.Utils - [TestNG] Time taken by org.testng.reporters.FailedReporter@7f42b194: 17 ms
11:13:52:392 [main] ERROR org.testng.internal.Utils - The system cannot find the path specified
java.io.IOException: The system cannot find the path specified
	at java.base/java.io.WinNTFileSystem.createFileExclusively0(Native Method) ~[?:?]
	at java.base/java.io.WinNTFileSystem.createFileExclusively(WinNTFileSystem.java:536) ~[?:?]
	at java.base/java.io.File.createNewFile(File.java:1045) ~[?:?]
	at org.testng.internal.Utils.writeUtf8File(Utils.java:79) [testng-7.10.2.jar:7.10.2]
	at org.testng.reporters.XMLReporter.generateReport(XMLReporter.java:33) [testng-7.10.2.jar:7.10.2]
	at org.testng.TestNG.generateReports(TestNG.java:1160) [testng-7.10.2.jar:7.10.2]
	at org.testng.TestNG.run(TestNG.java:1085) [testng-7.10.2.jar:7.10.2]
	at org.testng.remote.AbstractRemoteTestNG.run(AbstractRemoteTestNG.java:115) [testng-remote.jar:?]
	at org.testng.remote.RemoteTestNG.initAndRun(RemoteTestNG.java:293) [testng-remote.jar:?]
	at org.testng.remote.RemoteTestNG.main(RemoteTestNG.java:91) [testng-remote.jar:?]
11:13:52:392 [main] INFO  org.testng.internal.Utils - [TestNG] Time taken by org.testng.reporters.XMLReporter@6d969330: 12 ms
11:13:52:393 [main] ERROR org.testng.reporters.EmailableReporter2 - Unable to create output file
java.nio.file.NoSuchFileException: D:\pavan\OpencartWithCucumber\test-output\emailable-report.html
	at java.base/sun.nio.fs.WindowsException.translateToIOException(WindowsException.java:85) ~[?:?]
	at java.base/sun.nio.fs.WindowsException.rethrowAsIOException(WindowsException.java:103) ~[?:?]
	at java.base/sun.nio.fs.WindowsException.rethrowAsIOException(WindowsException.java:108) ~[?:?]
	at java.base/sun.nio.fs.WindowsFileSystemProvider.newByteChannel(WindowsFileSystemProvider.java:234) ~[?:?]
	at java.base/java.nio.file.spi.FileSystemProvider.newOutputStream(FileSystemProvider.java:482) ~[?:?]
	at java.base/java.nio.file.Files.newOutputStream(Files.java:228) ~[?:?]
	at java.base/java.nio.file.Files.newBufferedWriter(Files.java:3012) ~[?:?]
	at org.testng.reporters.EmailableReporter2.createWriter(EmailableReporter2.java:78) ~[testng-7.10.2.jar:7.10.2]
	at org.testng.reporters.EmailableReporter2.generateReport(EmailableReporter2.java:55) [testng-7.10.2.jar:7.10.2]
	at org.testng.TestNG.generateReports(TestNG.java:1160) [testng-7.10.2.jar:7.10.2]
	at org.testng.TestNG.run(TestNG.java:1085) [testng-7.10.2.jar:7.10.2]
	at org.testng.remote.AbstractRemoteTestNG.run(AbstractRemoteTestNG.java:115) [testng-remote.jar:?]
	at org.testng.remote.RemoteTestNG.initAndRun(RemoteTestNG.java:293) [testng-remote.jar:?]
	at org.testng.remote.RemoteTestNG.main(RemoteTestNG.java:91) [testng-remote.jar:?]
