<?xml version="1.0" encoding="UTF-8"?>
<testng-results ignored="0" total="3" passed="2" failed="1" skipped="0">
  <reporter-output>
  </reporter-output>
  <suite started-at="2024-11-25T11:28:48 GMT-06:00" name="mysuite" finished-at="2024-11-25T11:29:24 GMT-06:00" duration-ms="36616">
    <groups>
      <group name="cucumber">
        <method signature="AbstractTestNGCucumberTests.runScenario(io.cucumber.testng.PickleWrapper,io.cucumber.testng.FeatureWrapper)[pri:0, instance:TestRunner.runTest@56113384]" name="runScenario" class="io.cucumber.testng.AbstractTestNGCucumberTests"/>
      </group> <!-- cucumber -->
    </groups>
    <test started-at="2024-11-25T11:28:48 GMT-06:00" name="Test" finished-at="2024-11-25T11:29:24 GMT-06:00" duration-ms="36616">
      <class name="TestRunner.runTest">
        <test-method is-config="true" signature="setUpClass(org.testng.ITestContext)[pri:0, instance:TestRunner.runTest@56113384]" started-at="2024-11-25T11:28:48 GMT-06:00" name="setUpClass" finished-at="2024-11-25T11:28:48 GMT-06:00" duration-ms="717" status="PASS">
          <params>
            <param index="0">
              <value>
                <![CDATA[org.testng.TestRunner@6ddc67d0]]>
              </value>
            </param>
          </params>
          <reporter-output>
          </reporter-output>
        </test-method> <!-- setUpClass -->
        <test-method signature="runScenario(io.cucumber.testng.PickleWrapper,io.cucumber.testng.FeatureWrapper)[pri:0, instance:TestRunner.runTest@56113384]" started-at="2024-11-25T11:28:49 GMT-06:00" name="runScenario" description="Runs Cucumber Scenarios" data-provider="scenarios" finished-at="2024-11-25T11:28:56 GMT-06:00" duration-ms="7887" status="PASS">
          <params>
            <param index="0">
              <value>
                <![CDATA["Login with multiple data"]]>
              </value>
            </param>
            <param index="1">
              <value>
                <![CDATA["Check the login feature of the application"]]>
              </value>
            </param>
          </params>
          <reporter-output>
          </reporter-output>
        </test-method> <!-- runScenario -->
        <test-method signature="runScenario(io.cucumber.testng.PickleWrapper,io.cucumber.testng.FeatureWrapper)[pri:0, instance:TestRunner.runTest@56113384]" started-at="2024-11-25T11:28:56 GMT-06:00" name="runScenario" description="Runs Cucumber Scenarios" data-provider="scenarios" finished-at="2024-11-25T11:29:15 GMT-06:00" duration-ms="18729" status="FAIL">
          <params>
            <param index="0">
              <value>
                <![CDATA["Login with multiple data"]]>
              </value>
            </param>
            <param index="1">
              <value>
                <![CDATA["Check the login feature of the application"]]>
              </value>
            </param>
          </params>
          <exception class="java.lang.AssertionError">
            <full-stacktrace>
              <![CDATA[java.lang.AssertionError
at org.junit.Assert.fail(Assert.java:87)
at org.junit.Assert.assertTrue(Assert.java:42)
at org.junit.Assert.assertTrue(Assert.java:53)
at stepDefinitions.step.check_the_my_account_page_is_displayed_or_not(step.java:101)
at âœ½.check the my account page is displayed or not(file:///D:/pavan/OpencartWithCucumber/./Features/Login.feature:19)
]]>
            </full-stacktrace>
          </exception> <!-- java.lang.AssertionError -->
          <reporter-output>
          </reporter-output>
        </test-method> <!-- runScenario -->
        <test-method signature="runScenario(io.cucumber.testng.PickleWrapper,io.cucumber.testng.FeatureWrapper)[pri:0, instance:TestRunner.runTest@56113384]" started-at="2024-11-25T11:29:15 GMT-06:00" name="runScenario" description="Runs Cucumber Scenarios" data-provider="scenarios" finished-at="2024-11-25T11:29:24 GMT-06:00" duration-ms="8907" status="PASS">
          <params>
            <param index="0">
              <value>
                <![CDATA["Add prdocut to cart"]]>
              </value>
            </param>
            <param index="1">
              <value>
                <![CDATA["Check the prodcut add into cart"]]>
              </value>
            </param>
          </params>
          <reporter-output>
          </reporter-output>
        </test-method> <!-- runScenario -->
        <test-method is-config="true" signature="tearDownClass()[pri:0, instance:TestRunner.runTest@56113384]" started-at="2024-11-25T11:29:24 GMT-06:00" name="tearDownClass" finished-at="2024-11-25T11:29:24 GMT-06:00" duration-ms="335" status="PASS">
          <reporter-output>
          </reporter-output>
        </test-method> <!-- tearDownClass -->
      </class> <!-- TestRunner.runTest -->
    </test> <!-- Test -->
  </suite> <!-- mysuite -->
</testng-results>
